{"logTime": "0925/180557", "correlationVector":"Xq9R+mnDW5+lV8FDN0OzSD.0","action":"FeedSettingFetch_homeCloud", "result":"0", "context":{}}
{"logTime": "0925/180557", "correlationVector":"DjYHbPmMmb2YSZqVXW+dER.1","action":"SyncServerConnectionManagerRequest", "result":"SYNC_SERVER_OK", "context":{"environment":"Prod_WestEurope_x00e", "migrationStage":"NotStarted", "server":"GENERAL0100000G"}}
{"logTime": "0925/180557", "correlationVector":"DjYHbPmMmb2YSZqVXW+dER","action":"Initial GetUpdates", "result":"", "context":Reason: NEW_CLIENT. cV=DjYHbPmMmb2YSZqVXW+dER}
{"logTime": "0925/180557", "correlationVector":"DjYHbPmMmb2YSZqVXW+dER.2","action":"GetUpdates Response", "result":"SYNCER_OK", "context":Received 1 update(s). cV=DjYHbPmMmb2YSZqVXW+dER.0;server=GENERAL0100000G;cloudType=Consumer;environment=Prod_WestEurope_x00e;migrationStage=NotStarted}
{"logTime": "0925/180558", "correlationVector":"kFNHYuygSyoYtK9i5IpNN2","action":"SyncServerConnectionManagerRequest", "result":"SYNC_SERVER_OK", "context":{"environment":"", "migrationStage":"", "server":""}}
{"logTime": "0925/180558", "correlationVector":"hTDc8D0/Eea4cHHqKvgFUg","action":"Initial GetUpdates", "result":"", "context":Reason: NEW_CLIENT. cV=hTDc8D0/Eea4cHHqKvgFUg}
{"logTime": "0925/180558", "correlationVector":"hTDc8D0/Eea4cHHqKvgFUg.1","action":"SyncServerConnectionManagerRequest", "result":"SYNC_SERVER_OK", "context":{"environment":"Prod_WestEurope_x00e", "migrationStage":"NotStarted", "server":"GENERAL01000016"}}
{"logTime": "0925/180558", "correlationVector":"hTDc8D0/Eea4cHHqKvgFUg.2","action":"GetUpdates Response", "result":"SYNCER_OK", "context":Received 6 update(s). cV=hTDc8D0/Eea4cHHqKvgFUg.0;server=GENERAL01000016;cloudType=Consumer;environment=Prod_WestEurope_x00e;migrationStage=NotStarted}
{"logTime": "0925/180558", "correlationVector":"dAm+hDqFdDBkJkC+POEzqy","action":"Normal GetUpdate request", "result":"", "context":cV=dAm+hDqFdDBkJkC+POEzqy
Nudged types: Device Info, User Consents
Refresh requested types: Device Info, User Consents, Send Tab To Self, Encryption Keys}
{"logTime": "0925/180558", "correlationVector":"dAm+hDqFdDBkJkC+POEzqy.1","action":"SyncServerConnectionManagerRequest", "result":"SYNC_SERVER_OK", "context":{"environment":"Prod_WestEurope_x00e", "migrationStage":"NotStarted", "server":"GENERAL0100000A"}}
{"logTime": "0925/180558", "correlationVector":"dAm+hDqFdDBkJkC+POEzqy.2","action":"GetUpdates Response", "result":"SYNCER_OK", "context":Received 0 update(s). cV=dAm+hDqFdDBkJkC+POEzqy.0;server=GENERAL0100000A;cloudType=Consumer;environment=Prod_WestEurope_x00e;migrationStage=NotStarted}
{"logTime": "0925/180558", "correlationVector":"svYbZ6t5utMVD/rr9v6Uyj","action":"Commit Request", "result":"", "context":Item count: 1
Contributing types: Device Info}
{"logTime": "0925/180558", "correlationVector":"svYbZ6t5utMVD/rr9v6Uyj.1","action":"SyncServerConnectionManagerRequest", "result":"SYNC_SERVER_OK", "context":{"environment":"Prod_WestEurope_x00e", "migrationStage":"NotStarted", "server":"GENERAL01000019"}}
{"logTime": "0925/180558", "correlationVector":"svYbZ6t5utMVD/rr9v6Uyj.2","action":"Commit Response", "result":"SYNCER_OK", "context":Result: SYNCER_OK. cV=svYbZ6t5utMVD/rr9v6Uyj.0;server=GENERAL01000019;cloudType=Consumer;environment=Prod_WestEurope_x00e;migrationStage=NotStarted}
{"logTime": "0925/180558", "correlationVector":"OJAUVGq76PDaywPeecQRkK","action":"Commit Request", "result":"", "context":Item count: 2
Contributing types: User Consents}
{"logTime": "0925/180558", "correlationVector":"OJAUVGq76PDaywPeecQRkK.1","action":"SyncServerConnectionManagerRequest", "result":"SYNC_SERVER_OK", "context":{"environment":"Prod_WestEurope_x00e", "migrationStage":"NotStarted", "server":"GENERAL0100002M"}}
{"logTime": "0925/180558", "correlationVector":"OJAUVGq76PDaywPeecQRkK.2","action":"Commit Response", "result":"SYNCER_OK", "context":Result: SYNCER_OK. cV=OJAUVGq76PDaywPeecQRkK.0;server=GENERAL0100002M;cloudType=Consumer;environment=Prod_WestEurope_x00e;migrationStage=NotStarted}
{"logTime": "0925/181145", "correlationVector":"P9uMzesFC6NHdvJ0YjBhKa.0","action":"FeedSettingFetch_homeCloud", "result":"0", "context":{}}
{"logTime": "0925/181145", "correlationVector":"yJi5dHuUaM8Mxu9V5vOq1h.1","action":"SyncServerConnectionManagerRequest", "result":"SYNC_SERVER_OK", "context":{"environment":"Prod_WestEurope_000l", "migrationStage":"NotStarted", "server":"GENERAL01000022"}}
{"logTime": "0925/181145", "correlationVector":"yJi5dHuUaM8Mxu9V5vOq1h","action":"Initial GetUpdates", "result":"", "context":Reason: NEW_CLIENT. cV=yJi5dHuUaM8Mxu9V5vOq1h}
{"logTime": "0925/181145", "correlationVector":"yJi5dHuUaM8Mxu9V5vOq1h.2","action":"GetUpdates Response", "result":"SYNCER_OK", "context":Received 1 update(s). cV=yJi5dHuUaM8Mxu9V5vOq1h.0;server=GENERAL01000022;cloudType=Consumer;environment=Prod_WestEurope_000l;migrationStage=NotStarted}
{"logTime": "0925/181145", "correlationVector":"Ajpx3j5Jwi0FPS4cl0tKVI","action":"Normal GetUpdate request", "result":"", "context":cV=Ajpx3j5Jwi0FPS4cl0tKVI
Nudged types: User Consents
Refresh requested types: Device Info, User Consents, Send Tab To Self, Encryption Keys}
{"logTime": "0925/181145", "correlationVector":"Ajpx3j5Jwi0FPS4cl0tKVI.1","action":"SyncServerConnectionManagerRequest", "result":"SYNC_SERVER_OK", "context":{"environment":"Prod_WestEurope_x00e", "migrationStage":"NotStarted", "server":"GENERAL01000008"}}
{"logTime": "0925/181145", "correlationVector":"Ajpx3j5Jwi0FPS4cl0tKVI.2","action":"GetUpdates Response", "result":"SYNCER_OK", "context":Received 1 update(s). cV=Ajpx3j5Jwi0FPS4cl0tKVI.0;server=GENERAL01000008;cloudType=Consumer;environment=Prod_WestEurope_x00e;migrationStage=NotStarted}
{"logTime": "0925/181145", "correlationVector":"eoeeVqX6EKZ1etNL80DDbU","action":"Commit Request", "result":"", "context":Item count: 1
Contributing types: User Consents}
{"logTime": "0925/181145", "correlationVector":"eoeeVqX6EKZ1etNL80DDbU.1","action":"SyncServerConnectionManagerRequest", "result":"SYNC_SERVER_OK", "context":{"environment":"Prod_WestEurope_000l", "migrationStage":"NotStarted", "server":"general0100000V"}}
{"logTime": "0925/181145", "correlationVector":"eoeeVqX6EKZ1etNL80DDbU.2","action":"Commit Response", "result":"SYNCER_OK", "context":Result: SYNCER_OK. cV=eoeeVqX6EKZ1etNL80DDbU.0;server=general0100000V;cloudType=Consumer;environment=Prod_WestEurope_000l;migrationStage=NotStarted}
{"logTime": "0925/181145", "correlationVector":"HFDGCqnqORTaI/vHIg45sy","action":"SyncServerConnectionManagerRequest", "result":"SYNC_SERVER_OK", "context":{"environment":"", "migrationStage":"", "server":""}}
{"logTime": "0925/181145", "correlationVector":"k0NXu8cdmUJu5IC5PYNlWQ","action":"Initial GetUpdates", "result":"", "context":Reason: RECONFIGURATION. cV=k0NXu8cdmUJu5IC5PYNlWQ}
{"logTime": "0925/181145", "correlationVector":"k0NXu8cdmUJu5IC5PYNlWQ.1","action":"SyncServerConnectionManagerRequest", "result":"SYNC_SERVER_OK", "context":{"environment":"Prod_WestEurope_x00e", "migrationStage":"NotStarted", "server":"GENERAL0100002F"}}
{"logTime": "0925/181145", "correlationVector":"k0NXu8cdmUJu5IC5PYNlWQ.2","action":"GetUpdates Response", "result":"SYNCER_OK", "context":Received 40 update(s). cV=k0NXu8cdmUJu5IC5PYNlWQ.0;server=GENERAL0100002F;cloudType=Consumer;environment=Prod_WestEurope_x00e;migrationStage=NotStarted}
{"logTime": "0925/181145", "correlationVector":"ecqRML/9a8HqCRbaJlrEc7","action":"Initial GetUpdates", "result":"", "context":Reason: NEWLY_SUPPORTED_DATATYPE. cV=ecqRML/9a8HqCRbaJlrEc7}
{"logTime": "0925/181145", "correlationVector":"ecqRML/9a8HqCRbaJlrEc7.1","action":"SyncServerConnectionManagerRequest", "result":"SYNC_SERVER_OK", "context":{"environment":"Prod_WestEurope_x00e", "migrationStage":"NotStarted", "server":"general0100002P"}}
{"logTime": "0925/181145", "correlationVector":"ecqRML/9a8HqCRbaJlrEc7.2","action":"GetUpdates Response", "result":"SYNCER_OK", "context":Received 5 update(s). cV=ecqRML/9a8HqCRbaJlrEc7.0;server=general0100002P;cloudType=Consumer;environment=Prod_WestEurope_x00e;migrationStage=NotStarted}
{"logTime": "0925/181145", "correlationVector":"G+LLjVIdTrpFlfzEkqKC+Q","action":"Initial GetUpdates", "result":"", "context":Reason: NEWLY_SUPPORTED_DATATYPE. cV=G+LLjVIdTrpFlfzEkqKC+Q}
{"logTime": "0925/181145", "correlationVector":"G+LLjVIdTrpFlfzEkqKC+Q.1","action":"SyncServerConnectionManagerRequest", "result":"SYNC_SERVER_OK", "context":{"environment":"Prod_WestEurope_x00e", "migrationStage":"NotStarted", "server":"general01000009"}}
{"logTime": "0925/181145", "correlationVector":"G+LLjVIdTrpFlfzEkqKC+Q.2","action":"GetUpdates", "result":"DeleteReceived", "context":{"id":"9acaf694-5082-4985-8416-f2e8295bbb31", "isDeleted:":"true", "version":"1688070400991"}}
{"logTime": "0925/181146", "correlationVector":"G+LLjVIdTrpFlfzEkqKC+Q.3","action":"GetUpdates", "result":"DeleteReceived", "context":{"id":"d7e54668-2608-46c8-b192-0ae5a331a7fd", "isDeleted:":"true", "version":"1688321218575"}}
{"logTime": "0925/181146", "correlationVector":"G+LLjVIdTrpFlfzEkqKC+Q.4","action":"GetUpdates", "result":"DeleteReceived", "context":{"id":"b64d4b16-1e69-47db-9f3d-a7e8177b4cf8", "isDeleted:":"true", "version":"1688596531182"}}
{"logTime": "0925/181146", "correlationVector":"G+LLjVIdTrpFlfzEkqKC+Q.5","action":"GetUpdates", "result":"DeleteReceived", "context":{"id":"8935f01d-fcdf-4199-9614-33f60babbfc1", "isDeleted:":"true", "version":"1688658893452"}}
{"logTime": "0925/181146", "correlationVector":"G+LLjVIdTrpFlfzEkqKC+Q.6","action":"GetUpdates", "result":"DeleteReceived", "context":{"id":"17f3a480-7ee6-4a77-b9d5-187004d1d85d", "isDeleted:":"true", "version":"1688825247940"}}
{"logTime": "0925/181146", "correlationVector":"G+LLjVIdTrpFlfzEkqKC+Q.7","action":"GetUpdates", "result":"DeleteReceived", "context":{"id":"2927587c-e1b5-4dc7-81c4-37116b7b51af", "isDeleted:":"true", "version":"1688825247941"}}
{"logTime": "0925/181146", "correlationVector":"G+LLjVIdTrpFlfzEkqKC+Q.8","action":"GetUpdates", "result":"DeleteReceived", "context":{"id":"697cb1fc-c15f-4616-b3d5-72530f222b52", "isDeleted:":"true", "version":"1689189280629"}}
{"logTime": "0925/181146", "correlationVector":"G+LLjVIdTrpFlfzEkqKC+Q.9","action":"GetUpdates", "result":"DeleteReceived", "context":{"id":"0b373d74-4223-4e15-a90f-3f7818e39cf3", "isDeleted:":"true", "version":"1690221765969"}}
{"logTime": "0925/181146", "correlationVector":"G+LLjVIdTrpFlfzEkqKC+Q.10","action":"GetUpdates", "result":"DeleteReceived", "context":{"id":"21f65daf-97dc-461b-9816-69a6099641bd", "isDeleted:":"true", "version":"1690396557813"}}
{"logTime": "0925/181146", "correlationVector":"G+LLjVIdTrpFlfzEkqKC+Q.11","action":"GetUpdates", "result":"DeleteReceived", "context":{"id":"eb834203-b1c7-41fc-b690-b3b61dad6ca1", "isDeleted:":"true", "version":"1690396557815"}}
{"logTime": "0925/181146", "correlationVector":"G+LLjVIdTrpFlfzEkqKC+Q.12","action":"GetUpdates", "result":"DeleteReceived", "context":{"id":"b4dc5bba-360a-4d2f-80ac-89e0a5ed0e85", "isDeleted:":"true", "version":"1691799056628"}}
{"logTime": "0925/181146", "correlationVector":"G+LLjVIdTrpFlfzEkqKC+Q.13","action":"GetUpdates", "result":"DeleteReceived", "context":{"id":"0b900faa-984d-454e-809f-c3a82621bc2e", "isDeleted:":"true", "version":"1691950578029"}}
{"logTime": "0925/181146", "correlationVector":"G+LLjVIdTrpFlfzEkqKC+Q.14","action":"GetUpdates", "result":"DeleteReceived", "context":{"id":"598c6114-1b9d-40be-9f82-84548c53c107", "isDeleted:":"true", "version":"1693156075308"}}
{"logTime": "0925/181146", "correlationVector":"G+LLjVIdTrpFlfzEkqKC+Q.15","action":"GetUpdates", "result":"DeleteReceived", "context":{"id":"a5da4bd6-fc42-43a5-9cd7-4e1a6e77eaa1", "isDeleted:":"true", "version":"1693156075309"}}
{"logTime": "0925/181146", "correlationVector":"G+LLjVIdTrpFlfzEkqKC+Q.16","action":"GetUpdates", "result":"DeleteReceived", "context":{"id":"3604c995-6559-49ad-87bf-53b79bbc4b75", "isDeleted:":"true", "version":"1693156075310"}}
{"logTime": "0925/181146", "correlationVector":"G+LLjVIdTrpFlfzEkqKC+Q.17","action":"GetUpdates", "result":"DeleteReceived", "context":{"id":"05b96ebf-91d9-4a62-80ca-68e512e96c48", "isDeleted:":"true", "version":"1693156075311"}}
{"logTime": "0925/181146", "correlationVector":"G+LLjVIdTrpFlfzEkqKC+Q.18","action":"GetUpdates", "result":"DeleteReceived", "context":{"id":"fa60bb78-0800-4ca9-bc92-22c4910b1a8e", "isDeleted:":"true", "version":"1693156075314"}}
{"logTime": "0925/181146", "correlationVector":"G+LLjVIdTrpFlfzEkqKC+Q.19","action":"GetUpdates", "result":"DeleteReceived", "context":{"id":"404ef54e-cac0-45a6-94d7-ddf4a3b9b4a8", "isDeleted:":"true", "version":"1693156075315"}}
{"logTime": "0925/181146", "correlationVector":"G+LLjVIdTrpFlfzEkqKC+Q.20","action":"GetUpdates", "result":"DeleteReceived", "context":{"id":"7b5d4068-3718-423f-92fe-5f9448c901a5", "isDeleted:":"true", "version":"1693156075316"}}
{"logTime": "0925/181146", "correlationVector":"G+LLjVIdTrpFlfzEkqKC+Q.21","action":"GetUpdates", "result":"DeleteReceived", "context":{"id":"42e87906-eef8-4876-9b95-b7f6d6464783", "isDeleted:":"true", "version":"1693156075317"}}
{"logTime": "0925/181146", "correlationVector":"G+LLjVIdTrpFlfzEkqKC+Q.22","action":"GetUpdates", "result":"DeleteReceived", "context":{"id":"5191cec0-b516-4804-8933-f98b15a7ce44", "isDeleted:":"true", "version":"1693156402915"}}
{"logTime": "0925/181146", "correlationVector":"G+LLjVIdTrpFlfzEkqKC+Q.23","action":"GetUpdates", "result":"DeleteReceived", "context":{"id":"9ebf5e6e-adcf-4cb4-ab70-9fbd7061faf0", "isDeleted:":"true", "version":"1694341761981"}}
{"logTime": "0925/181146", "correlationVector":"G+LLjVIdTrpFlfzEkqKC+Q.24","action":"GetUpdates", "result":"DeleteReceived", "context":{"id":"54028ecc-c391-4b6a-bd48-e32c249d13f6", "isDeleted:":"true", "version":"1694341761983"}}
{"logTime": "0925/181146", "correlationVector":"G+LLjVIdTrpFlfzEkqKC+Q.25","action":"GetUpdates", "result":"DeleteReceived", "context":{"id":"d80868e4-c338-4514-8032-853d966bdada", "isDeleted:":"true", "version":"1694627337227"}}
{"logTime": "0925/181146", "correlationVector":"G+LLjVIdTrpFlfzEkqKC+Q.26","action":"GetUpdates", "result":"DeleteReceived", "context":{"id":"49581a3b-3324-4acd-8450-126e79a7d840", "isDeleted:":"true", "version":"1694803494097"}}
{"logTime": "0925/181146", "correlationVector":"G+LLjVIdTrpFlfzEkqKC+Q.27","action":"GetUpdates", "result":"DeleteReceived", "context":{"id":"3a91b963-7d2c-4111-82de-e4682b30a00b", "isDeleted:":"true", "version":"1695579988597"}}
{"logTime": "0925/181146", "correlationVector":"G+LLjVIdTrpFlfzEkqKC+Q.28","action":"GetUpdates", "result":"DeleteReceived", "context":{"id":"d9e92fe4-22a7-4c7a-8de7-39c5d91e7123", "isDeleted:":"true", "version":"1695662983865"}}
{"logTime": "0925/181146", "correlationVector":"G+LLjVIdTrpFlfzEkqKC+Q.29","action":"GetUpdates", "result":"DeleteReceived", "context":{"id":"df845fad-ef78-465e-a272-719eb5a47b70", "isDeleted:":"true", "version":"1695664062990"}}
{"logTime": "0925/181146", "correlationVector":"G+LLjVIdTrpFlfzEkqKC+Q.30","action":"GetUpdates", "result":"DeleteReceived", "context":{"id":"7f178c34-8220-4b5b-be9b-a714c5e57af6", "isDeleted:":"true", "version":"1695664348609"}}
{"logTime": "0925/181146", "correlationVector":"G+LLjVIdTrpFlfzEkqKC+Q.31","action":"GetUpdates Response", "result":"SYNCER_OK", "context":Received 55 update(s). cV=G+LLjVIdTrpFlfzEkqKC+Q.0;server=general01000009;cloudType=Consumer;environment=Prod_WestEurope_x00e;migrationStage=NotStarted}
{"logTime": "0925/181146", "correlationVector":"xVWJ8eshr7p4Ux+XkXV2N4","action":"Normal GetUpdate request", "result":"", "context":cV=xVWJ8eshr7p4Ux+XkXV2N4
Nudged types: Sessions, Device Info
Refresh requested types: Bookmarks, Preferences, Passwords, Autofill Profiles, Autofill, Autofill Custom Data, Typed URLs, Extensions, Sessions, Extension settings, History Delete Directives, Device Info, User Consents, Send Tab To Self, Web Apps, Collection, Edge E Drop, Edge Hub App Usage, Edge Wallet, Encryption Keys}
{"logTime": "0925/181146", "correlationVector":"xVWJ8eshr7p4Ux+XkXV2N4.1","action":"SyncServerConnectionManagerRequest", "result":"SYNC_SERVER_OK", "context":{"environment":"Prod_WestEurope_x00e", "migrationStage":"NotStarted", "server":"GENERAL01000006"}}
{"logTime": "0925/181146", "correlationVector":"xVWJ8eshr7p4Ux+XkXV2N4.2","action":"GetUpdates Response", "result":"SYNCER_OK", "context":Received 0 update(s). cV=xVWJ8eshr7p4Ux+XkXV2N4.0;server=GENERAL01000006;cloudType=Consumer;environment=Prod_WestEurope_x00e;migrationStage=NotStarted}
{"logTime": "0925/181146", "correlationVector":"TVbThlsb/SsJykTS64ynP/","action":"Commit Request", "result":"", "context":Item count: 1
Contributing types: Device Info}
{"logTime": "0925/181146", "correlationVector":"TVbThlsb/SsJykTS64ynP/.1","action":"SyncServerConnectionManagerRequest", "result":"SYNC_SERVER_OK", "context":{"environment":"Prod_WestEurope_x00e", "migrationStage":"NotStarted", "server":"GENERAL01000013"}}
{"logTime": "0925/181146", "correlationVector":"TVbThlsb/SsJykTS64ynP/.2","action":"Commit Response", "result":"SYNCER_OK", "context":Result: SYNCER_OK. cV=TVbThlsb/SsJykTS64ynP/.0;server=GENERAL01000013;cloudType=Consumer;environment=Prod_WestEurope_x00e;migrationStage=NotStarted}
{"logTime": "0925/181146", "correlationVector":"r+20MShSjxDYK7pDCMSz5N","action":"Commit Request", "result":"", "context":Item count: 2
Contributing types: Sessions}
{"logTime": "0925/181146", "correlationVector":"r+20MShSjxDYK7pDCMSz5N.1","action":"SyncServerConnectionManagerRequest", "result":"SYNC_SERVER_OK", "context":{"environment":"Prod_WestEurope_x00e", "migrationStage":"NotStarted", "server":"GENERAL0100000J"}}
{"logTime": "0925/181146", "correlationVector":"r+20MShSjxDYK7pDCMSz5N.2","action":"Commit Response", "result":"SYNCER_OK", "context":Result: SYNCER_OK. cV=r+20MShSjxDYK7pDCMSz5N.0;server=GENERAL0100000J;cloudType=Consumer;environment=Prod_WestEurope_x00e;migrationStage=NotStarted}
{"logTime": "0925/181528", "correlationVector":"G82Gpuk3ar8s8XeqU9uJzo.0","action":"FeedSettingFetch_homeCloud", "result":"0", "context":{}}
{"logTime": "0925/181528", "correlationVector":"yTNMnlOtgPfvGCLIuy0vU2.1","action":"SyncServerConnectionManagerRequest", "result":"SYNC_SERVER_OK", "context":{"environment":"Prod_WestEurope_000l", "migrationStage":"NotStarted", "server":"GENERAL0100000C"}}
{"logTime": "0925/181528", "correlationVector":"yTNMnlOtgPfvGCLIuy0vU2","action":"Initial GetUpdates", "result":"", "context":Reason: NEW_CLIENT. cV=yTNMnlOtgPfvGCLIuy0vU2}
{"logTime": "0925/181528", "correlationVector":"yTNMnlOtgPfvGCLIuy0vU2.2","action":"GetUpdates Response", "result":"SYNCER_OK", "context":Received 1 update(s). cV=yTNMnlOtgPfvGCLIuy0vU2.0;server=GENERAL0100000C;cloudType=Consumer;environment=Prod_WestEurope_000l;migrationStage=NotStarted}
{"logTime": "0925/181528", "correlationVector":"Zjaz/7Wt1DLXMme0fXBkKf","action":"Initial GetUpdates", "result":"", "context":Reason: NEWLY_SUPPORTED_DATATYPE. cV=Zjaz/7Wt1DLXMme0fXBkKf}
{"logTime": "0925/181528", "correlationVector":"Zjaz/7Wt1DLXMme0fXBkKf.1","action":"SyncServerConnectionManagerRequest", "result":"SYNC_SERVER_OK", "context":{"environment":"Prod_WestEurope_000l", "migrationStage":"NotStarted", "server":"general01000016"}}
{"logTime": "0925/181528", "correlationVector":"Zjaz/7Wt1DLXMme0fXBkKf.2","action":"GetUpdates Response", "result":"SYNCER_OK", "context":Received 2 update(s). cV=Zjaz/7Wt1DLXMme0fXBkKf.0;server=general01000016;cloudType=Consumer;environment=Prod_WestEurope_000l;migrationStage=NotStarted}
{"logTime": "0925/181528", "correlationVector":"6WZR966Pa99uZHpcCGH+zD","action":"Normal GetUpdate request", "result":"", "context":cV=6WZR966Pa99uZHpcCGH+zD
Nudged types: Sessions, User Consents
Refresh requested types: Bookmarks, Preferences, Passwords, Autofill Profiles, Autofill, Autofill Custom Data, Typed URLs, Extensions, Sessions, Extension settings, History Delete Directives, Device Info, User Consents, Send Tab To Self, Web Apps, Collection, Edge E Drop, Edge Hub App Usage, Edge Wallet, Encryption Keys}
{"logTime": "0925/181528", "correlationVector":"6WZR966Pa99uZHpcCGH+zD.1","action":"SyncServerConnectionManagerRequest", "result":"SYNC_SERVER_OK", "context":{"environment":"Prod_WestEurope_x00e", "migrationStage":"NotStarted", "server":"GENERAL0100000A"}}
{"logTime": "0925/181528", "correlationVector":"6WZR966Pa99uZHpcCGH+zD.2","action":"GetUpdates Response", "result":"SYNCER_OK", "context":Received 3 update(s). cV=6WZR966Pa99uZHpcCGH+zD.0;server=GENERAL0100000A;cloudType=Consumer;environment=Prod_WestEurope_x00e;migrationStage=NotStarted}
{"logTime": "0925/181528", "correlationVector":"HeRBOUYZVkp52mBZC2T0Rm","action":"Commit Request", "result":"", "context":Item count: 4
Contributing types: Sessions, User Consents}
{"logTime": "0925/181528", "correlationVector":"HeRBOUYZVkp52mBZC2T0Rm.1","action":"SyncServerConnectionManagerRequest", "result":"SYNC_SERVER_OK", "context":{"environment":"Prod_WestEurope_000l", "migrationStage":"NotStarted", "server":"general01000010"}}
{"logTime": "0925/181528", "correlationVector":"HeRBOUYZVkp52mBZC2T0Rm.3","action":"Commit.Sessions", "result":"Success", "context":{"id":"e8ca1c10-7ec8-4b5c-8caa-aedba34e1d8b", "isDeleted":"true", "size":"0", "version":"1695665506189"}}
{"logTime": "0925/181528", "correlationVector":"HeRBOUYZVkp52mBZC2T0Rm.2","action":"Commit Response", "result":"SYNCER_OK", "context":Result: SYNCER_OK. cV=HeRBOUYZVkp52mBZC2T0Rm.0;server=general01000010;cloudType=Consumer;environment=Prod_WestEurope_000l;migrationStage=NotStarted}
{"logTime": "0925/181528", "correlationVector":"sHBV/QPFxDE4XycZnboyz/","action":"SyncServerConnectionManagerRequest", "result":"SYNC_SERVER_OK", "context":{"environment":"", "migrationStage":"", "server":""}}
{"logTime": "0925/181528", "correlationVector":"I+ieuTvt3yI/2bWaPXFtDM","action":"Normal GetUpdate request", "result":"", "context":cV=I+ieuTvt3yI/2bWaPXFtDM
Nudged types: Sessions}
{"logTime": "0925/181528", "correlationVector":"I+ieuTvt3yI/2bWaPXFtDM.1","action":"SyncServerConnectionManagerRequest", "result":"SYNC_SERVER_OK", "context":{"environment":"Prod_WestEurope_x00e", "migrationStage":"NotStarted", "server":"general01000017"}}
{"logTime": "0925/181528", "correlationVector":"I+ieuTvt3yI/2bWaPXFtDM.2","action":"GetUpdates", "result":"DeleteReceived", "context":{"id":"e8ca1c10-7ec8-4b5c-8caa-aedba34e1d8b", "isDeleted:":"true", "version":"1695665668881"}}
{"logTime": "0925/181528", "correlationVector":"I+ieuTvt3yI/2bWaPXFtDM.3","action":"GetUpdates Response", "result":"SYNCER_OK", "context":Received 3 update(s). cV=I+ieuTvt3yI/2bWaPXFtDM.0;server=general01000017;cloudType=Consumer;environment=Prod_WestEurope_x00e;migrationStage=NotStarted}
{"logTime": "0925/181528", "correlationVector":"hU14Op+/cUN8E1uBeAVOYq","action":"Commit Request", "result":"", "context":Item count: 1
Contributing types: Sessions}
{"logTime": "0925/181528", "correlationVector":"hU14Op+/cUN8E1uBeAVOYq.1","action":"SyncServerConnectionManagerRequest", "result":"SYNC_SERVER_OK", "context":{"environment":"Prod_WestEurope_x00e", "migrationStage":"NotStarted", "server":"GENERAL0100000B"}}
{"logTime": "0925/181528", "correlationVector":"hU14Op+/cUN8E1uBeAVOYq.2","action":"Commit Response", "result":"SYNCER_OK", "context":Result: SYNCER_OK. cV=hU14Op+/cUN8E1uBeAVOYq.0;server=GENERAL0100000B;cloudType=Consumer;environment=Prod_WestEurope_x00e;migrationStage=NotStarted}
{"logTime": "0925/181528", "correlationVector":"2i5ANWox0WbIStq/vkMR8a","action":"Normal GetUpdate request", "result":"", "context":cV=2i5ANWox0WbIStq/vkMR8a
Nudged types: Sessions
Refresh requested types: Bookmarks, Preferences, Passwords, Autofill Profiles, Autofill, Autofill Custom Data, Typed URLs, Extensions, Sessions, Extension settings, History Delete Directives, Device Info, User Consents, Send Tab To Self, Web Apps, Collection, Edge E Drop, Edge Hub App Usage, Edge Wallet, Encryption Keys}
{"logTime": "0925/181528", "correlationVector":"2i5ANWox0WbIStq/vkMR8a.1","action":"SyncServerConnectionManagerRequest", "result":"SYNC_SERVER_OK", "context":{"environment":"Prod_WestEurope_000l", "migrationStage":"NotStarted", "server":"general01000007"}}
{"logTime": "0925/181528", "correlationVector":"2i5ANWox0WbIStq/vkMR8a.2","action":"GetUpdates Response", "result":"SYNCER_OK", "context":Received 1 update(s). cV=2i5ANWox0WbIStq/vkMR8a.0;server=general01000007;cloudType=Consumer;environment=Prod_WestEurope_000l;migrationStage=NotStarted}
{"logTime": "0925/200016", "correlationVector":"T0w/1kRKc/Xo3+pNsFliii.0","action":"FeedSettingFetch_homeCloud", "result":"0", "context":{}}
{"logTime": "0925/200016", "correlationVector":"U6sIt09eZt+wQAgevnJDrN.1","action":"SyncServerConnectionManagerRequest", "result":"SYNC_SERVER_OK", "context":{"environment":"Prod_WestEurope_x00e", "migrationStage":"NotStarted", "server":"GENERAL0100001K"}}
{"logTime": "0925/200016", "correlationVector":"U6sIt09eZt+wQAgevnJDrN","action":"Initial GetUpdates", "result":"", "context":Reason: NEW_CLIENT. cV=U6sIt09eZt+wQAgevnJDrN}
{"logTime": "0925/200016", "correlationVector":"U6sIt09eZt+wQAgevnJDrN.2","action":"GetUpdates Response", "result":"SYNCER_OK", "context":Received 1 update(s). cV=U6sIt09eZt+wQAgevnJDrN.0;server=GENERAL0100001K;cloudType=Consumer;environment=Prod_WestEurope_x00e;migrationStage=NotStarted}
{"logTime": "0925/200016", "correlationVector":"vTahgy+OWmUeOieMta2kyo","action":"Initial GetUpdates", "result":"", "context":Reason: NEWLY_SUPPORTED_DATATYPE. cV=vTahgy+OWmUeOieMta2kyo}
{"logTime": "0925/200016", "correlationVector":"vTahgy+OWmUeOieMta2kyo.1","action":"SyncServerConnectionManagerRequest", "result":"SYNC_SERVER_OK", "context":{"environment":"Prod_WestEurope_x00e", "migrationStage":"NotStarted", "server":"GENERAL0100001U"}}
{"logTime": "0925/200016", "correlationVector":"vTahgy+OWmUeOieMta2kyo.2","action":"GetUpdates Response", "result":"SYNCER_OK", "context":Received 2 update(s). cV=vTahgy+OWmUeOieMta2kyo.0;server=GENERAL0100001U;cloudType=Consumer;environment=Prod_WestEurope_x00e;migrationStage=NotStarted}
{"logTime": "0925/200016", "correlationVector":"HUwuD7HIVyR9W42VHgUPas","action":"SyncServerConnectionManagerRequest", "result":"SYNC_SERVER_OK", "context":{"environment":"", "migrationStage":"", "server":""}}
{"logTime": "0925/200016", "correlationVector":"agz3In1JDINXMiTO0p83di","action":"Normal GetUpdate request", "result":"", "context":cV=agz3In1JDINXMiTO0p83di
Nudged types: Sessions, User Consents
Refresh requested types: Bookmarks, Preferences, Passwords, Autofill Profiles, Autofill, Autofill Custom Data, Typed URLs, Extensions, Sessions, Extension settings, History Delete Directives, Device Info, User Consents, Send Tab To Self, Web Apps, Collection, Edge E Drop, Edge Hub App Usage, Edge Wallet, Encryption Keys}
{"logTime": "0925/200016", "correlationVector":"agz3In1JDINXMiTO0p83di.1","action":"SyncServerConnectionManagerRequest", "result":"SYNC_SERVER_OK", "context":{"environment":"Prod_WestEurope_x00e", "migrationStage":"NotStarted", "server":"GENERAL01000020"}}
{"logTime": "0925/200016", "correlationVector":"agz3In1JDINXMiTO0p83di.2","action":"GetUpdates Response", "result":"SYNCER_OK", "context":Received 0 update(s). cV=agz3In1JDINXMiTO0p83di.0;server=GENERAL01000020;cloudType=Consumer;environment=Prod_WestEurope_x00e;migrationStage=NotStarted}
{"logTime": "0925/200016", "correlationVector":"4gjyOq0ps1j2l7BlxlcXDg","action":"Commit Request", "result":"", "context":Item count: 4
Contributing types: Sessions, User Consents}
{"logTime": "0925/200016", "correlationVector":"4gjyOq0ps1j2l7BlxlcXDg.1","action":"SyncServerConnectionManagerRequest", "result":"SYNC_SERVER_OK", "context":{"environment":"Prod_WestEurope_x00e", "migrationStage":"NotStarted", "server":"GENERAL01000005"}}
{"logTime": "0925/200016", "correlationVector":"4gjyOq0ps1j2l7BlxlcXDg.2","action":"Commit Response", "result":"SYNCER_OK", "context":Result: SYNCER_OK. cV=4gjyOq0ps1j2l7BlxlcXDg.0;server=GENERAL01000005;cloudType=Consumer;environment=Prod_WestEurope_x00e;migrationStage=NotStarted}
{"logTime": "0925/200016", "correlationVector":"ZCNGr7ooQZ8uL1FugT4VLs","action":"Normal GetUpdate request", "result":"", "context":cV=ZCNGr7ooQZ8uL1FugT4VLs
Nudged types: Sessions
Refresh requested types: Bookmarks, Preferences, Passwords, Autofill Profiles, Autofill, Autofill Custom Data, Typed URLs, Extensions, Sessions, Extension settings, History Delete Directives, Device Info, User Consents, Send Tab To Self, Web Apps, Collection, Edge E Drop, Edge Hub App Usage, Edge Wallet, Encryption Keys}
{"logTime": "0925/200016", "correlationVector":"ZCNGr7ooQZ8uL1FugT4VLs.1","action":"SyncServerConnectionManagerRequest", "result":"SYNC_SERVER_OK", "context":{"environment":"Prod_WestEurope_x00e", "migrationStage":"NotStarted", "server":"GENERAL01000001"}}
{"logTime": "0925/200016", "correlationVector":"ZCNGr7ooQZ8uL1FugT4VLs.2","action":"GetUpdates Response", "result":"SYNCER_OK", "context":Received 3 update(s). cV=ZCNGr7ooQZ8uL1FugT4VLs.0;server=GENERAL01000001;cloudType=Consumer;environment=Prod_WestEurope_x00e;migrationStage=NotStarted}
{"logTime": "0925/200042", "correlationVector":"LRvnNPaUuq7ysPEXqZeBNa","action":"Normal GetUpdate request", "result":"", "context":cV=LRvnNPaUuq7ysPEXqZeBNa
Nudged types: Sessions}
{"logTime": "0925/200043", "correlationVector":"LRvnNPaUuq7ysPEXqZeBNa.1","action":"SyncServerConnectionManagerRequest", "result":"SYNC_SERVER_OK", "context":{"environment":"Prod_WestEurope_x00e", "migrationStage":"NotStarted", "server":"GENERAL01000020"}}
{"logTime": "0925/200043", "correlationVector":"LRvnNPaUuq7ysPEXqZeBNa.2","action":"GetUpdates Response", "result":"SYNCER_OK", "context":Received 0 update(s). cV=LRvnNPaUuq7ysPEXqZeBNa.0;server=GENERAL01000020;cloudType=Consumer;environment=Prod_WestEurope_x00e;migrationStage=NotStarted}
{"logTime": "0925/200043", "correlationVector":"UccKruUPvNLw9tgQlwjOgQ","action":"Commit Request", "result":"", "context":Item count: 2
Contributing types: Sessions}
{"logTime": "0925/200043", "correlationVector":"UccKruUPvNLw9tgQlwjOgQ.1","action":"SyncServerConnectionManagerRequest", "result":"SYNC_SERVER_OK", "context":{"environment":"Prod_WestEurope_x00e", "migrationStage":"NotStarted", "server":"GENERAL0100001O"}}
{"logTime": "0925/200043", "correlationVector":"UccKruUPvNLw9tgQlwjOgQ.3","action":"Commit.Sessions", "result":"Success", "context":{"id":"aa9055d4-64b0-42e2-bc06-2cb42a6a2768", "isDeleted":"true", "size":"0", "version":"1695672009631"}}
{"logTime": "0925/200043", "correlationVector":"UccKruUPvNLw9tgQlwjOgQ.2","action":"Commit Response", "result":"SYNCER_OK", "context":Result: SYNCER_OK. cV=UccKruUPvNLw9tgQlwjOgQ.0;server=GENERAL0100001O;cloudType=Consumer;environment=Prod_WestEurope_x00e;migrationStage=NotStarted}
